[FFMPEG_WRAPPER] Execut: ffmpeg -y -i "videos/incoming/test1.mp4" -vn -acodec mp3 "videos/outgoing/audio_test1.mp4"
ffmpeg version 7.0.2-3ubuntu1.1 Copyright (c) 2000-2024 the FFmpeg developers
  built with gcc 14 (Ubuntu 14.2.0-4ubuntu2)
  configuration: --prefix=/usr --extra-version=3ubuntu1.1 --toolchain=hardened --libdir=/usr/lib/x86_64-linux-gnu --incdir=/usr/include/x86_64-linux-gnu --arch=amd64 --enable-gpl --disable-stripping --disable-libmfx --disable-omx --enable-gnutls --enable-libaom --enable-libass --enable-libbs2b --enable-libcdio --enable-libcodec2 --enable-libdav1d --enable-libflite --enable-libfontconfig --enable-libfreetype --enable-libfribidi --enable-libglslang --enable-libgme --enable-libgsm --enable-libharfbuzz --enable-libmp3lame --enable-libmysofa --enable-libopenjpeg --enable-libopenmpt --enable-libopus --enable-librubberband --enable-libshine --enable-libsnappy --enable-libsoxr --enable-libspeex --enable-libtheora --enable-libtwolame --enable-libvidstab --enable-libvorbis --enable-libvpx --enable-libwebp --enable-libx265 --enable-libxml2 --enable-libxvid --enable-libzimg --enable-openal --enable-opencl --enable-opengl --disable-sndio --enable-libvpl --enable-libdc1394 --enable-libdrm --enable-libiec61883 --enable-chromaprint --enable-frei0r --enable-ladspa --enable-libbluray --enable-libcaca --enable-libdvdnav --enable-libdvdread --enable-libjack --enable-libpulse --enable-librabbitmq --enable-librist --enable-libsrt --enable-libssh --enable-libsvtav1 --enable-libx264 --enable-libzmq --enable-libzvbi --enable-lv2 --enable-sdl2 --enable-libplacebo --enable-librav1e --enable-pocketsphinx --enable-librsvg --enable-libjxl --enable-shared
  libavutil      59.  8.100 / 59.  8.100
  libavcodec     61.  3.100 / 61.  3.100
  libavformat    61.  1.100 / 61.  1.100
  libavdevice    61.  1.100 / 61.  1.100
  libavfilter    10.  1.100 / 10.  1.100
  libswscale      8.  1.100 /  8.  1.100
  libswresample   5.  1.100 /  5.  1.100
  libpostproc    58.  1.100 / 58.  1.100
Input #0, mov,mp4,m4a,3gp,3g2,mj2, from 'videos/incoming/test1.mp4':
  Metadata:
    major_brand     : mp42
    minor_version   : 0
    compatible_brands: isommp42
    creation_time   : 2025-06-01T10:50:38.000000Z
    encoder         : Google
  Duration: 00:00:30.00, start: 0.000000, bitrate: 365 kb/s
  Stream #0:0[0x1](und): Video: h264 (Main) (avc1 / 0x31637661), yuv420p(tv, bt709, progressive), 512x288 [SAR 1:1 DAR 16:9], 233 kb/s, 30 fps, 30 tbr, 15360 tbn (default)
      Metadata:
        creation_time   : 2025-06-01T10:50:38.000000Z
        handler_name    : ISO Media file produced by Google Inc. Created on: 06/01/2025.
        vendor_id       : [0][0][0][0]
  Stream #0:1[0x2](und): Audio: aac (LC) (mp4a / 0x6134706D), 44100 Hz, stereo, fltp, 128 kb/s (default)
      Metadata:
        creation_time   : 2025-06-01T10:50:38.000000Z
        handler_name    : ISO Media file produced by Google Inc. Created on: 06/01/2025.
        vendor_id       : [0][0][0][0]
Stream mapping:
  Stream #0:1 -> #0:0 (aac (native) -> mp3 (libmp3lame))
Press [q] to stop, [?] for help
Output #0, mp4, to 'videos/outgoing/audio_test1.mp4':
  Metadata:
    major_brand     : mp42
    minor_version   : 0
    compatible_brands: isommp42
    encoder         : Lavf61.1.100
  Stream #0:0(und): Audio: mp3 (mp4a / 0x6134706D), 44100 Hz, stereo, fltp (default)
      Metadata:
        creation_time   : 2025-06-01T10:50:38.000000Z
        handler_name    : ISO Media file produced by Google Inc. Created on: 06/01/2025.
        vendor_id       : [0][0][0][0]
        encoder         : Lavc61.3.100 libmp3lame
size=       0KiB time=00:00:12.72 bitrate=   0.0kbits/s speed=24.9x    size=     256KiB time=00:00:17.99 bitrate= 116.5kbits/s speed=17.8x    size=     256KiB time=00:00:22.98 bitrate=  91.2kbits/s speed=15.2x    [out#0/mp4 @ 0x561f43afd240] video:0KiB audio:469KiB subtitle:0KiB other streams:0KiB global headers:0KiB muxing overhead: 1.125968%
size=     475KiB time=00:00:30.00 bitrate= 129.6kbits/s speed=15.3x    
[FFMPEG_WRAPPER] Exit code: 0
